Start testing: Oct 14 00:21 CST
----------------------------------------------------------
1/1 Testing: test_run
1/1 Test: test_run
Command: "/code/cmakeDemo/Simple/main"
Directory: /code/cmakeDemo/Simple
"test_run" start time: Oct 14 00:21 CST
Output:
----------------------------------------------------------
my math
1000
<end of output>
Test time =   0.00 sec
----------------------------------------------------------
Test Passed.
"test_run" end time: Oct 14 00:21 CST
"test_run" time elapsed: 00:00:00
----------------------------------------------------------

End testing: Oct 14 00:21 CST
